<?xml version="1.0" encoding="UTF-8"?>
<testsuite xmlns:xsi="http://www.w3.org/2001/XMLSchema-instance" xsi:noNamespaceSchemaLocation="https://maven.apache.org/surefire/maven-surefire-plugin/xsd/surefire-test-report.xsd" name="cz.jiripinkas.jsitemapgenerator.generator.RssGeneratorTest" time="0.072" tests="4" errors="0" skipped="0" failures="0">
  <properties>
[...]
</properties>
  <testcase name="testConstructRssWithItemsLocalDateTime" classname="cz.jiripinkas.jsitemapgenerator.generator.RssGeneratorTest" time="0"/>
  <testcase name="testConstructRssEmptyItemsShouldThrowException" classname="cz.jiripinkas.jsitemapgenerator.generator.RssGeneratorTest" time="0.062"/>
  <testcase name="testConstructRssWithItems" classname="cz.jiripinkas.jsitemapgenerator.generator.RssGeneratorTest" time="0.009"/>
  <testcase name="testConstructRssWithItemsLocalDateTimeWithRedundantSlash" classname="cz.jiripinkas.jsitemapgenerator.generator.RssGeneratorTest" time="0.001"/>
</testsuite>